-------------------------------------------------------------------------------
Test set: mySQL.MySqLpracticeApplicationTests
-------------------------------------------------------------------------------
Tests run: 1, Failures: 0, Errors: 1, Skipped: 0, Time elapsed: 0.165 s <<< FAILURE! - in mySQL.MySqLpracticeApplicationTests
mySQL.MySqLpracticeApplicationTests  Time elapsed: 0.163 s  <<< ERROR!
java.lang.IllegalStateException: Unable to find a @SpringBootConfiguration, you need to use @ContextConfiguration or @SpringBootTest(classes=...) with your test

